<?xml version="1.0" encoding="UTF-8"?>
<!-- Generated by org.testng.reporters.JUnitReportReporter -->
<testsuite hostname="Ketan" failures="0" tests="3" name="StandardFramework.Tests.MainTest" time="33.539" errors="0" timestamp="2025-04-15T11:58:13 IST" skipped="0">
  <testcase classname="StandardFramework.Tests.MainTest" name="funtion" time="10.200"/>
  <testcase classname="StandardFramework.Tests.MainTest" name="funtion" time="13.788"/>
  <testcase classname="StandardFramework.Tests.MainTest" name="funtion" time="9.551"/>
</testsuite> <!-- StandardFramework.Tests.MainTest -->
