<?xml version="1.0" encoding="UTF-8"?>
<!-- Generated by org.testng.reporters.JUnitReportReporter -->
<testsuite hostname="Ketan" failures="0" tests="3" name="StandardFramework.Tests.MainTest" time="43.237" errors="0" timestamp="2025-04-17T14:44:45 IST" skipped="0">
  <testcase classname="StandardFramework.Tests.MainTest" name="funtion" time="20.371"/>
  <testcase classname="StandardFramework.Tests.MainTest" name="funtion" time="9.612"/>
  <testcase classname="StandardFramework.Tests.MainTest" name="funtion" time="13.254"/>
</testsuite> <!-- StandardFramework.Tests.MainTest -->
